actionid: flake8
msg: getenv
cmdargs: ['/Users/john_bodley/repos/github.com/incubator-superset/.tox/flake8/bin/pip', 'install', 'flake8', 'flake8-commas', 'flake8-import-order', 'flake8-quotes']
env: {'HISTTIMEFORMAT': '%s ', 'NVM_CD_FLAGS': '', 'TERM_PROGRAM_VERSION': '400', 'LOGNAME': 'john_bodley', 'NVM_NODEJS_ORG_MIRROR': 'https://nodejs.org/dist', 'NVM_DIR': '/Users/john_bodley/.nvm', 'PATH': '/Users/john_bodley/repos/github.com/incubator-superset/.tox/flake8/bin:/Users/john_bodley/.nvm/versions/node/v6.10.3/bin:/usr/local/bin:/usr/bin:/bin:/usr/sbin:/sbin:/usr/local/osquery/bin:/opt/airbnb/bin:/opt/Ghostscript/bin:/opt/puppetlabs/bin:/usr/local/munki:/opt/X11/bin:/opt/ImageMagick/bin:/Users/john_bodley/airlab/repos/sysops/k8s_tools', 'HOME': '/Users/john_bodley', 'NVM_IOJS_ORG_MIRROR': 'https://iojs.org/dist', 'DISPLAY': '/private/tmp/com.apple.launchd.CGyED4Y8mS/org.macosforge.xquartz:0', 'TERM_PROGRAM': 'Apple_Terminal', 'LANG': 'en_US.UTF-8', 'TERM': 'xterm-256color', 'SHELL': '/bin/bash', 'SHLVL': '1', 'SECURITYSESSIONID': '186a8', 'XPC_FLAGS': '0x0', 'NVM_BIN': '/Users/john_bodley/.nvm/versions/node/v6.10.3/bin', 'NVM_PATH': '/Users/john_bodley/.nvm/versions/node/v6.10.3/lib/node', 'PYTHONHASHSEED': '3229958790', 'TMPDIR': '/var/folders/6c/86724_z90197_7gnffd07_sm0000gn/T/', 'MANPATH': '/Users/john_bodley/.nvm/versions/node/v6.10.3/share/man:/usr/local/share/man:/usr/share/man:/opt/Ghostscript/share/man:/opt/X11/share/man:/opt/ImageMagick/share/man:/Library/Developer/CommandLineTools/usr/share/man', 'TERM_SESSION_ID': 'F2D0F318-681C-4C28-8F32-7209962F5CCA', 'SSH_AUTH_SOCK': '/private/tmp/com.apple.launchd.mnKtVi9rlx/Listeners', 'XPC_SERVICE_NAME': '0', 'VIRTUAL_ENV': '/Users/john_bodley/repos/github.com/incubator-superset/.tox/flake8', 'Apple_PubSub_Socket_Render': '/private/tmp/com.apple.launchd.QBHpQ0L8Fs/Render', '_': '/usr/local/bin/tox', 'OLDPWD': '/Users/john_bodley/repos/github.com', '__CF_USER_TEXT_ENCODING': '0x1F5:0x0:0x0', 'PWD': '/Users/john_bodley/repos/github.com/incubator-superset', 'USER': 'john_bodley'}

Collecting flake8
  Using cached flake8-3.5.0-py2.py3-none-any.whl
Collecting flake8-commas
  Using cached flake8_commas-1.0.0-py2.py3-none-any.whl
Collecting flake8-import-order
  Using cached flake8_import_order-0.16-py2.py3-none-any.whl
Collecting flake8-quotes
Collecting mccabe<0.7.0,>=0.6.0 (from flake8)
  Using cached mccabe-0.6.1-py2.py3-none-any.whl
Collecting configparser; python_version < "3.2" (from flake8)
Collecting enum34; python_version < "3.4" (from flake8)
  Using cached enum34-1.1.6-py2-none-any.whl
Collecting pycodestyle<2.4.0,>=2.0.0 (from flake8)
  Using cached pycodestyle-2.3.1-py2.py3-none-any.whl
Collecting pyflakes<1.7.0,>=1.5.0 (from flake8)
  Using cached pyflakes-1.6.0-py2.py3-none-any.whl
Requirement already satisfied: setuptools in ./.tox/flake8/lib/python2.7/site-packages (from flake8-import-order)
Installing collected packages: mccabe, configparser, enum34, pycodestyle, pyflakes, flake8, flake8-commas, flake8-import-order, flake8-quotes
Successfully installed configparser-3.5.0 enum34-1.1.6 flake8-3.5.0 flake8-commas-1.0.0 flake8-import-order-0.16 flake8-quotes-0.13.0 mccabe-0.6.1 pycodestyle-2.3.1 pyflakes-1.6.0
